This is pdfTeX, Version 3.14159-1.10a-devel (Web2C 7.3.8) (format=pdflatex 2003.1.21)  8 MAY 2003 03:20
\write18 enabled.
**PhysicsEquations.tex
(./PhysicsEquations.tex{/usr/local/teTeX/share/texmf.local/pdftex/config/pdftex
.cfg
Warning: pdftex (file /usr/local/teTeX/share/texmf.local/pdftex/config/pdftex.c
fg): invalid line in config file: `pdf_minorversion 4'
}
LaTeX2e <2001/06/01>
Babel <v3.7h> and hyphenation patterns for british, danish, nohyphenation, load
ed.
(/usr/local/teTeX/share/texmf/tex/latex/base/article.cls
Document Class: article 2001/04/21 v1.4e Standard LaTeX document class
(/usr/local/teTeX/share/texmf/tex/latex/base/size11.clo
File: size11.clo 2001/04/21 v1.4e Standard LaTeX file (size option)
)
\c@part=\count79
\c@section=\count80
\c@subsection=\count81
\c@subsubsection=\count82
\c@paragraph=\count83
\c@subparagraph=\count84
\c@figure=\count85
\c@table=\count86
\abovecaptionskip=\skip41
\belowcaptionskip=\skip42
\bibindent=\dimen102
)
(/usr/local/teTeX/share/texmf/tex/latex/tools/multicol.sty
Package: multicol 2000/07/10 v1.5z multicolumn formatting (FMi)
\c@tracingmulticols=\count87
\mult@box=\box26
\multicol@leftmargin=\dimen103
\c@unbalance=\count88
\c@collectmore=\count89
\doublecol@number=\count90
\multicoltolerance=\count91
\multicolpretolerance=\count92
\full@width=\dimen104
\page@free=\dimen105
\premulticols=\dimen106
\postmulticols=\dimen107
\multicolsep=\skip43
\multicolbaselineskip=\skip44
\partial@page=\box27
\last@line=\box28
\mult@rightbox=\box29
\mult@grightbox=\box30
\mult@gfirstbox=\box31
\mult@firstbox=\box32
\@tempa=\box33
\@tempa=\box34
\@tempa=\box35
\@tempa=\box36
\@tempa=\box37
\@tempa=\box38
\@tempa=\box39
\@tempa=\box40
\@tempa=\box41
\@tempa=\box42
\@tempa=\box43
\@tempa=\box44
\@tempa=\box45
\@tempa=\box46
\@tempa=\box47
\@tempa=\box48
\@tempa=\box49
\c@columnbadness=\count93
\c@finalcolumnbadness=\count94
\last@try=\dimen108
\multicolovershoot=\dimen109
\multicolundershoot=\dimen110
\mult@nat@firstbox=\box50
\colbreak@box=\box51
)
(/usr/local/teTeX/share/texmf/tex/latex/misc/setspace.sty
Package: setspace 2000/12/01 6.7 Contributed and Supported LaTeX2e package

Package: `setspace' 6.7 <2000/12/01>
) (/usr/local/teTeX/share/texmf/tex/latex/graphics/graphicx.sty
Package: graphicx 1999/02/16 v1.0f Enhanced LaTeX Graphics (DPC,SPQR)

(/usr/local/teTeX/share/texmf/tex/latex/graphics/keyval.sty
Package: keyval 1999/03/16 v1.13 key=value parser (DPC)
\KV@toks@=\toks14
)
(/usr/local/teTeX/share/texmf/tex/latex/graphics/graphics.sty
Package: graphics 2001/07/07 v1.0n Standard LaTeX Graphics (DPC,SPQR)

(/usr/local/teTeX/share/texmf/tex/latex/graphics/trig.sty
Package: trig 1999/03/16 v1.09 sin cos tan (DPC)
)
(/usr/local/teTeX/share/texmf/tex/latex/config/graphics.cfg
File: graphics.cfg 2001/08/31 v1.1 graphics configuration of teTeX/TeXLive
)
Package graphics Info: Driver file: pdftex.def on input line 80.

(/usr/local/teTeX/share/texmf/tex/latex/graphics/pdftex.def
File: pdftex.def 2002/06/19 v0.03k graphics/color for pdftex
\Gread@gobject=\count95
))
\Gin@req@height=\dimen111
\Gin@req@width=\dimen112
)
(/usr/local/teTeX/share/texmf/tex/latex/misc/geometry.sty
Package: geometry 2002/07/08 v3.2 Page Geometry
\Gm@cnth=\count96
\Gm@cntv=\count97
\c@Gm@tempcnt=\count98
\Gm@bindingoffset=\dimen113
\Gm@wd@mp=\dimen114
\Gm@odd@mp=\dimen115
\Gm@even@mp=\dimen116
\Gm@dimlist=\toks15

(/usr/local/teTeX/share/texmf/tex/latex/config/geometry.cfg
File: geometry.cfg 2001/06/05 v1.0 teTeX (uncustomised setup)
))
(./PhysicsEquations.aux)
\openout1 = `PhysicsEquations.aux'.

LaTeX Font Info:    Checking defaults for OML/cmm/m/it on input line 6.
LaTeX Font Info:    ... okay on input line 6.
LaTeX Font Info:    Checking defaults for T1/cmr/m/n on input line 6.
LaTeX Font Info:    ... okay on input line 6.
LaTeX Font Info:    Checking defaults for OT1/cmr/m/n on input line 6.
LaTeX Font Info:    ... okay on input line 6.
LaTeX Font Info:    Checking defaults for OMS/cmsy/m/n on input line 6.
LaTeX Font Info:    ... okay on input line 6.
LaTeX Font Info:    Checking defaults for OMX/cmex/m/n on input line 6.
LaTeX Font Info:    ... okay on input line 6.
LaTeX Font Info:    Checking defaults for U/cmr/m/n on input line 6.
LaTeX Font Info:    ... okay on input line 6.

(/usr/local/teTeX/share/texmf/tex/context/base/supp-pdf.tex
(/usr/local/teTeX/share/texmf/tex/context/base/supp-mis.tex
loading : Context Support Macros / Missing
\protectiondepth=\count99
\scratchcounter=\count100
\scratchtoks=\toks16
\scratchdimen=\dimen117
\scratchskip=\skip45
\scratchmuskip=\muskip10
\scratchbox=\box52
\scratchread=\read1
\scratchwrite=\write3
\zeropoint=\dimen118
\minusone=\count101
\thousandpoint=\dimen119
\emptytoks=\toks17
\nextbox=\box53
\nextdepth=\dimen120
\everyline=\toks18
\!!counta=\count102
\!!countb=\count103
\recursecounter=\count104
)
loading : Context Support Macros / PDF
\nofMPsegments=\count105
\nofMParguments=\count106
\everyMPtoPDFconversion=\toks19
)
-------------------- Geometry parameters
paper: class default
landscape: --
twocolumn: --
twoside: --
asymmetric: --
h-parts: 28.45274pt, 557.38951pt, 28.45274pt
v-parts: 28.45274pt, 738.0645pt, 28.45274pt
hmarginratio: --
vmarginratio: --
lines: --
heightrounded: --
bindingoffset: 0.0pt
truedimen: --
includehead: --
includefoot: --
includemp: --
driver: pdftex
-------------------- Page layout dimensions and switches
\paperwidth  614.295pt
\paperheight 794.96999pt
\textwidth  557.38951pt
\textheight 738.0645pt
\oddsidemargin  -43.81725pt
\evensidemargin -43.81725pt
\topmargin  -43.81725pt
\headheight 0.0pt
\headsep    0.0pt
\footskip   0.0pt
\marginparwidth 59.0pt
\marginparsep   10.0pt
\columnsep  10.0pt
\skip\footins  10.0pt plus 4.0pt minus 2.0pt
\hoffset 0.0pt
\voffset 0.0pt
\mag 1000

(1in=72.27pt, 1cm=28.45pt)
-----------------------
LaTeX Font Info:    External font `cmex10' loaded for size
(Font)              <10.95> on input line 16.
LaTeX Font Info:    External font `cmex10' loaded for size
(Font)              <8> on input line 16.
LaTeX Font Info:    External font `cmex10' loaded for size
(Font)              <6> on input line 16.


Package pdftex.def Warning: Option `bb' does not make sense,
(pdftex.def)                using `viewport' instead on input line 41.

<triangle.pdf, id=1, 135.50626pt x 90.3375pt>
File: triangle.pdf Graphic file (type pdf)
 <use triangle.pdf> [1

{/usr/local/teTeX/share/texmf.local/dvips/config/pdftex.map} <./triangle.pdf
Warning: pdftex (file ./triangle.pdf): pdf inclusion: Page Group detected which
 pdfTeX can't handle. Ignoring it.
>] [2] (./PhysicsEquations.aux) ) 
Here is how much of TeX's memory you used:
 1334 strings out of 60992
 17601 string characters out of 1189575
 83145 words of memory out of 2500001
 4355 multiletter control sequences out of 10000+50000
 7292 words of font info for 26 fonts, out of 500000 for 1000
 8 hyphenation exceptions out of 1000
 25i,11n,32p,237b,201s stack positions out of 1500i,500n,5000p,200000b,5000s
 80 PDF objects out of 300000
 0 named destinations out of 131072
 5 words of extra memory for PDF output out of 65536
{/usr/local/teTeX/share/texmf/dvips/tetex/bbad
153f.enc}</usr/local/teTeX/share/texmf/fonts/type1/bluesky/cm/cmsy6.pfb>{/usr/l
ocal/teTeX/share/texmf/dvips/tetex/f7b6d320.enc}</usr/local/teTeX/share/texmf/f
onts/type1/bluesky/cm/cmr6.pfb></usr/local/teTeX/share/texmf/fonts/type1/bluesk
y/cm/cmsy8.pfb>{/usr/local/teTeX/share/texmf/dvips/tetex/aae443f0.enc}</usr/loc
al/teTeX/share/texmf/fonts/type1/bluesky/cm/cmmi6.pfb></usr/local/teTeX/share/t
exmf/fonts/type1/bluesky/cm/cmex10.pfb></usr/local/teTeX/share/texmf/fonts/type
1/bluesky/cm/cmsy10.pfb></usr/local/teTeX/share/texmf/fonts/type1/bluesky/cm/cm
mi8.pfb></usr/local/teTeX/share/texmf/fonts/type1/bluesky/cm/cmr8.pfb></usr/loc
al/teTeX/share/texmf/fonts/type1/bluesky/cm/cmr10.pfb></usr/local/teTeX/share/t
exmf/fonts/type1/bluesky/cm/cmmi10.pfb></usr/local/teTeX/share/texmf/fonts/type
1/bluesky/cm/cmbx10.pfb></usr/local/teTeX/share/texmf/fonts/type1/bluesky/cm/cm
bx12.pfb>
Output written on PhysicsEquations.pdf (2 pages, 243066 bytes).
