This is pdfeTeX, Version 3.14159-1.10b-2.1 (Web2C 7.4.5) (format=pdflatex 2003.5.24)  25 MAY 2003 19:00
entering extended mode
\write18 enabled.
**PhysicsMomentumLab.tex
(./PhysicsMomentumLab.tex{/usr/local/teTeX/share/texmf.local/pdftex/config/pdft
ex.cfg}
LaTeX2e <2001/06/01>
Babel <v3.7h> and hyphenation patterns for british, french, danish, nohyphenati
on, loaded.
(/usr/local/teTeX/share/texmf.tetex/tex/latex/base/article.cls
Document Class: article 2001/04/21 v1.4e Standard LaTeX document class
(/usr/local/teTeX/share/texmf.tetex/tex/latex/base/size12.clo
File: size12.clo 2001/04/21 v1.4e Standard LaTeX file (size option)
)
\c@part=\count79
\c@section=\count80
\c@subsection=\count81
\c@subsubsection=\count82
\c@paragraph=\count83
\c@subparagraph=\count84
\c@figure=\count85
\c@table=\count86
\abovecaptionskip=\skip41
\belowcaptionskip=\skip42
\bibindent=\dimen102
)
(/usr/local/teTeX/share/texmf.tetex/tex/latex/fancyhdr/fancyhdr.sty
\headwidth=\dimen103
)
(/usr/local/teTeX/share/texmf.tetex/tex/latex/misc/lastpage.sty
Package: lastpage 1994/06/25 v0.1b LaTeX2e package for refs to last page number
 (JPG)
)
(/usr/local/teTeX/share/texmf.tetex/tex/latex/tools/multicol.sty
Package: multicol 2000/07/10 v1.5z multicolumn formatting (FMi)
\c@tracingmulticols=\count87
\mult@box=\box26
\multicol@leftmargin=\dimen104
\c@unbalance=\count88
\c@collectmore=\count89
\doublecol@number=\count90
\multicoltolerance=\count91
\multicolpretolerance=\count92
\full@width=\dimen105
\page@free=\dimen106
\premulticols=\dimen107
\postmulticols=\dimen108
\multicolsep=\skip43
\multicolbaselineskip=\skip44
\partial@page=\box27
\last@line=\box28
\mult@rightbox=\box29
\mult@grightbox=\box30
\mult@gfirstbox=\box31
\mult@firstbox=\box32
\@tempa=\box33
\@tempa=\box34
\@tempa=\box35
\@tempa=\box36
\@tempa=\box37
\@tempa=\box38
\@tempa=\box39
\@tempa=\box40
\@tempa=\box41
\@tempa=\box42
\@tempa=\box43
\@tempa=\box44
\@tempa=\box45
\@tempa=\box46
\@tempa=\box47
\@tempa=\box48
\@tempa=\box49
\c@columnbadness=\count93
\c@finalcolumnbadness=\count94
\last@try=\dimen109
\multicolovershoot=\dimen110
\multicolundershoot=\dimen111
\mult@nat@firstbox=\box50
\colbreak@box=\box51
)
(/usr/local/teTeX/share/texmf.tetex/tex/latex/graphics/graphicx.sty
Package: graphicx 1999/02/16 v1.0f Enhanced LaTeX Graphics (DPC,SPQR)

(/usr/local/teTeX/share/texmf.tetex/tex/latex/graphics/keyval.sty
Package: keyval 1999/03/16 v1.13 key=value parser (DPC)
\KV@toks@=\toks14
)
(/usr/local/teTeX/share/texmf.tetex/tex/latex/graphics/graphics.sty
Package: graphics 2001/07/07 v1.0n Standard LaTeX Graphics (DPC,SPQR)

(/usr/local/teTeX/share/texmf.tetex/tex/latex/graphics/trig.sty
Package: trig 1999/03/16 v1.09 sin cos tan (DPC)
)
(/usr/local/teTeX/share/texmf.tetex/tex/latex/config/graphics.cfg
File: graphics.cfg 2001/08/31 v1.1 graphics configuration of teTeX/TeXLive
)
Package graphics Info: Driver file: pdftex.def on input line 80.

(/usr/local/teTeX/share/texmf.tetex/tex/latex/graphics/pdftex.def
File: pdftex.def 2002/06/19 v0.03k graphics/color for pdftex
\Gread@gobject=\count95
))
\Gin@req@height=\dimen112
\Gin@req@width=\dimen113
)
(/usr/local/teTeX/share/texmf.tetex/tex/latex/amsfonts/amssymb.sty
Package: amssymb 2002/01/22 v2.2d

(/usr/local/teTeX/share/texmf.tetex/tex/latex/amsfonts/amsfonts.sty
Package: amsfonts 2001/10/25 v2.2f
\@emptytoks=\toks15
\symAMSa=\mathgroup4
\symAMSb=\mathgroup5
LaTeX Font Info:    Overwriting math alphabet `\mathfrak' in version `bold'
(Font)                  U/euf/m/n --> U/euf/b/n on input line 132.
))
(/usr/local/teTeX/share/texmf.tetex/tex/latex/oberdiek/epstopdf.sty
Package: epstopdf 2001/02/04 v1.1 Conversion with epstopdf on the fly (HO)
)
(./PhysicsMomentumLab.aux)
\openout1 = `PhysicsMomentumLab.aux'.

LaTeX Font Info:    Checking defaults for OML/cmm/m/it on input line 23.
LaTeX Font Info:    ... okay on input line 23.
LaTeX Font Info:    Checking defaults for T1/cmr/m/n on input line 23.
LaTeX Font Info:    ... okay on input line 23.
LaTeX Font Info:    Checking defaults for OT1/cmr/m/n on input line 23.
LaTeX Font Info:    ... okay on input line 23.
LaTeX Font Info:    Checking defaults for OMS/cmsy/m/n on input line 23.
LaTeX Font Info:    ... okay on input line 23.
LaTeX Font Info:    Checking defaults for OMX/cmex/m/n on input line 23.
LaTeX Font Info:    ... okay on input line 23.
LaTeX Font Info:    Checking defaults for U/cmr/m/n on input line 23.
LaTeX Font Info:    ... okay on input line 23.

(/usr/local/teTeX/share/texmf.tetex/tex/context/base/supp-pdf.tex
(/usr/local/teTeX/share/texmf.tetex/tex/context/base/supp-mis.tex
loading : Context Support Macros / Missing
\protectiondepth=\count96
\scratchcounter=\count97
\scratchtoks=\toks16
\scratchdimen=\dimen114
\scratchskip=\skip45
\scratchmuskip=\muskip10
\scratchbox=\box52
\scratchread=\read1
\scratchwrite=\write3
\zeropoint=\dimen115
\minusone=\count98
\thousandpoint=\dimen116
\emptytoks=\toks17
\nextbox=\box53
\nextdepth=\dimen117
\everyline=\toks18
\!!counta=\count99
\!!countb=\count100
\recursecounter=\count101
)
loading : Context Support Macros / PDF
\nofMPsegments=\count102
\nofMParguments=\count103
\everyMPtoPDFconversion=\toks19
)
LaTeX Font Info:    Try loading font information for U+msa on input line 26.
 (/usr/local/teTeX/share/texmf.tetex/tex/latex/amsfonts/umsa.fd
File: umsa.fd 2002/01/19 v2.2g AMS font definitions
)
LaTeX Font Info:    Try loading font information for U+msb on input line 26.

(/usr/local/teTeX/share/texmf.tetex/tex/latex/amsfonts/umsb.fd
File: umsb.fd 2002/01/19 v2.2g AMS font definitions
)

Package Fancyhdr Warning: \headheight is too small (0.0pt): 
 Make it at least 27.18335pt.
 We now make it that large for the rest of the document.
 This may cause the page layout to be inconsistent, however.

[1{/usr/local/teTeX/share/texmf.local/dvips/config/pdftex.map}

]
Underfull \hbox (badness 10000) in paragraph at lines 91--95

 []

[2]
Underfull \hbox (badness 10000) in paragraph at lines 117--121

 []

[3] <polygon.pdf, id=53, 479.29062pt x 154.5775pt>
File: polygon.pdf Graphic file (type pdf)
 <use polygon.pdf>
Overfull \hbox (38.90915pt too wide) in paragraph at lines 125--126
[][] 
 []


Overfull \hbox (8.92677pt too wide) detected at line 134
/cmmi12/c[] /cmr12/= (0/cmmi12/:/cmr12/0178[]42/cmmi12/kg[]/cmr12/)[] + (0/cmmi
12/:/cmr12/0109[]75/cmmi12/kg[]/cmr12/)[] /cmsy10@12.0pt/^^@ /cmr12/2(0/cmmi12/
:/cmr12/0178[]42/cmmi12/kg[]/cmr12/)(0/cmmi12/:/cmr12/0109[]75/cmmi12/kg[]/cmr1
2/) [] []
 []


Underfull \hbox (badness 10000) in paragraph at lines 153--157

 []

[4 <./polygon.pdf
Warning: /usr/local/teTeX/bin/powerpc-apple-darwin-current/pdflatex (file ./pol
ygon.pdf): pdf inclusion: Page Group detected which pdfTeX can't handle. Ignori
ng it.
>]
Underfull \hbox (badness 10000) in paragraph at lines 179--180

 []


Underfull \hbox (badness 10000) in paragraph at lines 184--185

 []


Underfull \hbox (badness 10000) in paragraph at lines 189--190

 []


Underfull \hbox (badness 10000) in paragraph at lines 194--195

 []


Underfull \hbox (badness 10000) in paragraph at lines 197--201

 []

[5] AED: lastpage setting LastPage [6] (./PhysicsMomentumLab.aux) ) 
Here is how much of TeX's memory you used:
 1418 strings out of 95329
 17654 string characters out of 1187458
 65747 words of memory out of 1000001
 4482 multiletter control sequences out of 10000+50000
 14304 words of font info for 56 fonts, out of 500000 for 1000
 8 hyphenation exceptions out of 1000
 25i,12n,43p,1088b,284s stack positions out of 1500i,500n,5000p,200000b,5000s
 95 PDF objects out of 300000
 0 named destinations out of 131072
 5 words of extra memory for PDF output out of 65536
</usr/local/
teTeX/share/texmf.tetex/fonts/type1/public/tt2001/fmex8.pfb>{/usr/local/teTeX/s
hare/texmf.tetex/dvips/tetex/f7b6d320.enc}</usr/local/teTeX/share/texmf.tetex/f
onts/type1/bluesky/cm/cmr6.pfb></usr/local/teTeX/share/texmf.tetex/fonts/type1/
bluesky/cm/cmr8.pfb></usr/local/teTeX/share/texmf.tetex/fonts/type1/bluesky/cm/
cmex10.pfb>{/usr/local/teTeX/share/texmf.tetex/dvips/tetex/bbad153f.enc}</usr/l
ocal/teTeX/share/texmf.tetex/fonts/type1/bluesky/cm/cmsy10.pfb>{/usr/local/teTe
X/share/texmf.tetex/dvips/tetex/aae443f0.enc}</usr/local/teTeX/share/texmf.tete
x/fonts/type1/bluesky/cm/cmmi6.pfb></usr/local/teTeX/share/texmf.tetex/fonts/ty
pe1/bluesky/cm/cmsy8.pfb></usr/local/teTeX/share/texmf.tetex/fonts/type1/bluesk
y/symbols/msam10.pfb></usr/local/teTeX/share/texmf.tetex/fonts/type1/bluesky/cm
/cmmi12.pfb></usr/local/teTeX/share/texmf.tetex/fonts/type1/bluesky/cm/cmbx12.p
fb></usr/local/teTeX/share/texmf.tetex/fonts/type1/bluesky/cm/cmr7.pfb></usr/lo
cal/teTeX/share/texmf.tetex/fonts/type1/bluesky/cm/cmr10.pfb></usr/local/teTeX/
share/texmf.tetex/fonts/type1/bluesky/cm/cmmi8.pfb></usr/local/teTeX/share/texm
f.tetex/fonts/type1/bluesky/cm/cmr12.pfb>
Output written on PhysicsMomentumLab.pdf (6 pages, 254825 bytes).
